<html>
<head>
<title>TestNG:  Default test</title>
<link href="../testng.css" rel="stylesheet" type="text/css" />
<link href="../my-testng.css" rel="stylesheet" type="text/css" />

<style type="text/css">
.log { display: none;} 
.stack-trace { display: none;} 
</style>
<script type="text/javascript">
<!--
function flip(e) {
  current = e.style.display;
  if (current == 'block') {
    e.style.display = 'none';
    return 0;
  }
  else {
    e.style.display = 'block';
    return 1;
  }
}

function toggleBox(szDivId, elem, msg1, msg2)
{
  var res = -1;  if (document.getElementById) {
    res = flip(document.getElementById(szDivId));
  }
  else if (document.all) {
    // this is the way old msie versions work
    res = flip(document.all[szDivId]);
  }
  if(elem) {
    if(res == 0) elem.innerHTML = msg1; else elem.innerHTML = msg2;
  }

}

function toggleAllBoxes() {
  if (document.getElementsByTagName) {
    d = document.getElementsByTagName('div');
    for (i = 0; i < d.length; i++) {
      if (d[i].className == 'log') {
        flip(d[i]);
      }
    }
  }
}

// -->
</script>

</head>
<body>
<h2 align='center'>Default test</h2><table border='1' align="center">
<tr>
<td>Tests passed/Failed/Skipped:</td><td>0/0/2</td>
</tr><tr>
<td>Started on:</td><td>Mon Jun 20 13:25:18 EDT 2016</td>
</tr>
<tr><td>Total time:</td><td>47 seconds (47385 ms)</td>
</tr><tr>
<td>Included groups:</td><td></td>
</tr><tr>
<td>Excluded groups:</td><td></td>
</tr>
</table><p/>
<small><i>(Hover the method name to see the test class name)</i></small><p/>
<table width='100%' border='1' class='invocation-failed'>
<tr><td colspan='4' align='center'><b>FAILED CONFIGURATIONS</b></td></tr>
<tr><td><b>Test method</b></td>
<td width="30%"><b>Exception</b></td>
<td width="10%"><b>Time (seconds)</b></td>
<td><b>Instance</b></td>
</tr>
<tr>
<td title='com.testng.tests.Mate1TestCases.setUp()'><b>setUp</b><br>Test class: com.testng.tests.Mate1TestCases</td>
<td><div><pre>org.openqa.selenium.WebDriverException: Failed to connect to binary FirefoxBinary(C:\Program Files (x86)\Mozilla Firefox\firefox.exe) on port 7055; process output follows: 
gent.12.51@hp.com&quot;,&quot;syncGUID&quot;:&quot;_1guiThp4Rts&quot;,&quot;location&quot;:&quot;winreg-app-global&quot;,&quot;version&quot;:&quot;12.52.6755.0&quot;,&quot;type&quot;:&quot;extension&quot;,&quot;internalName&quot;:null,&quot;updateURL&quot;:null,&quot;updateKey&quot;:null,&quot;optionsURL&quot;:null,&quot;optionsType&quot;:null,&quot;aboutURL&quot;:null,&quot;icons&quot;:{&quot;32&quot;:&quot;icon.png&quot;,&quot;48&quot;:&quot;icon.png&quot;},&quot;iconURL&quot;:null,&quot;icon64URL&quot;:null,&quot;defaultLocale&quot;:{&quot;name&quot;:&quot;HP Functional Testing Agent&quot;,&quot;description&quot;:&quot;Test Web Applications Using Firefox&quot;,&quot;creator&quot;:null,&quot;homepageURL&quot;:null},&quot;visible&quot;:true,&quot;active&quot;:false,&quot;userDisabled&quot;:true,&quot;appDisabled&quot;:false,&quot;descriptor&quot;:&quot;C:\\Program Files (x86)\\HP\\Unified Functional Testing\\\\Installations\\Firefox\\Agent.xpi&quot;,&quot;installDate&quot;:1452216766000,&quot;updateDate&quot;:1452216766000,&quot;applyBackgroundUpdates&quot;:1,&quot;bootstrap&quot;:true,&quot;skinnable&quot;:false,&quot;size&quot;:1593065,&quot;sourceURI&quot;:null,&quot;releaseNotesURI&quot;:null,&quot;softDisabled&quot;:false,&quot;foreignInstall&quot;:true,&quot;hasBinaryComponents&quot;:false,&quot;strictCompatibility&quot;:false,&quot;locales&quot;:[],&quot;targetApplications&quot;:[{&quot;id&quot;:&quot;{ec8030f7-c20a-464f-9b0e-13a3a9e97384}&quot;,&quot;minVersion&quot;:&quot;33.0&quot;,&quot;maxVersion&quot;:&quot;44.0&quot;}],&quot;targetPlatforms&quot;:[],&quot;multiprocessCompatible&quot;:false,&quot;signedState&quot;:2,&quot;seen&quot;:true}
1466443527793	DeferredSave.extensions.json	DEBUG	Save changes
1466443527793	addons.xpi	DEBUG	Updating database with changes to installed add-ons
1466443527793	addons.xpi-utils	DEBUG	Updating add-on states
1466443527794	addons.xpi-utils	DEBUG	Writing add-ons list
1466443527798	addons.xpi	DEBUG	Registering manifest for C:\Program Files (x86)\Mozilla Firefox\browser\features\e10srollout@mozilla.org.xpi
1466443527798	addons.xpi	DEBUG	Calling bootstrap method startup on e10srollout@mozilla.org version 1.0
1466443527799	addons.xpi	DEBUG	Registering manifest for C:\Program Files (x86)\Mozilla Firefox\browser\features\firefox@getpocket.com.xpi
1466443527800	addons.xpi	DEBUG	Calling bootstrap method startup on firefox@getpocket.com version 1.0.2
1466443527801	addons.xpi	DEBUG	Registering manifest for C:\Program Files (x86)\Mozilla Firefox\browser\features\loop@mozilla.org.xpi
1466443527803	addons.xpi	DEBUG	Calling bootstrap method startup on loop@mozilla.org version 1.3.2
1466443527914	addons.manager	DEBUG	Registering shutdown blocker for XPIProvider
1466443527915	addons.manager	DEBUG	Provider finished startup: XPIProvider
1466443527915	addons.manager	DEBUG	Starting provider: LightweightThemeManager
1466443527915	addons.manager	DEBUG	Registering shutdown blocker for LightweightThemeManager
1466443527915	addons.manager	DEBUG	Provider finished startup: LightweightThemeManager
1466443527916	addons.manager	DEBUG	Starting provider: GMPProvider
1466443527950	addons.manager	DEBUG	Registering shutdown blocker for GMPProvider
1466443527951	addons.manager	DEBUG	Provider finished startup: GMPProvider
1466443527951	addons.manager	DEBUG	Starting provider: PluginProvider
1466443527952	addons.manager	DEBUG	Registering shutdown blocker for PluginProvider
1466443527952	addons.manager	DEBUG	Provider finished startup: PluginProvider
1466443527954	addons.manager	DEBUG	Completed startup sequence
1466443530508	addons.manager	DEBUG	Starting provider: &lt;unnamed-provider&gt;
1466443530508	addons.manager	DEBUG	Registering shutdown blocker for &lt;unnamed-provider&gt;
1466443530508	addons.manager	DEBUG	Provider finished startup: &lt;unnamed-provider&gt;
1466443530510	DeferredSave.extensions.json	DEBUG	Write succeeded
1466443530510	DeferredSave.extensions.json	DEBUG	Starting timer
1466443530878	DeferredSave.extensions.json	DEBUG	Starting write
1466443531533	addons.repository	DEBUG	No addons.json found.
1466443531538	DeferredSave.addons.json	DEBUG	Save changes
1466443531562	DeferredSave.addons.json	DEBUG	Starting timer
1466443533745	addons.manager	DEBUG	Starting provider: PreviousExperimentProvider
1466443533746	addons.manager	DEBUG	Registering shutdown blocker for PreviousExperimentProvider
1466443533746	addons.manager	DEBUG	Provider finished startup: PreviousExperimentProvider
1466443533775	DeferredSave.addons.json	DEBUG	Starting write
1466443533781	DeferredSave.extensions.json	DEBUG	Write succeeded
1466443534258	DeferredSave.addons.json	DEBUG	Write succeeded

Build info: version: &apos;2.48.2&apos;, revision: &apos;41bccdd10cf2c0560f637404c2d96164b67d9d67&apos;, time: &apos;2015-10-09 13:08:06&apos;
System info: host: &apos;Mike&apos;, ip: &apos;192.168.2.10&apos;, os.name: &apos;Windows 8.1&apos;, os.arch: &apos;amd64&apos;, os.version: &apos;6.3&apos;, java.version: &apos;1.8.0_45&apos;
Driver info: driver.version: FirefoxDriver
	at org.openqa.selenium.firefox.internal.NewProfileExtensionConnection.start(NewProfileExtensionConnection.java:135)
	at org.openqa.selenium.firefox.FirefoxDriver.startClient(FirefoxDriver.java:271)
	at org.openqa.selenium.remote.RemoteWebDriver.&lt;init&gt;(RemoteWebDriver.java:117)
	at org.openqa.selenium.firefox.FirefoxDriver.&lt;init&gt;(FirefoxDriver.java:216)
	at org.openqa.selenium.firefox.FirefoxDriver.&lt;init&gt;(FirefoxDriver.java:211)
	at org.openqa.selenium.firefox.FirefoxDriver.&lt;init&gt;(FirefoxDriver.java:207)
	at org.openqa.selenium.firefox.FirefoxDriver.&lt;init&gt;(FirefoxDriver.java:120)
	at com.testng.tests.BaseTest.setUp(BaseTest.java:24)
	at sun.reflect.NativeMethodAccessorImpl.invoke0(Native Method)
	at sun.reflect.NativeMethodAccessorImpl.invoke(Unknown Source)
	at sun.reflect.DelegatingMethodAccessorImpl.invoke(Unknown Source)
	at java.lang.reflect.Method.invoke(Unknown Source)
	at org.testng.internal.MethodInvocationHelper.invokeMethod(MethodInvocationHelper.java:86)
	at org.testng.internal.Invoker.invokeConfigurationMethod(Invoker.java:514)
	at org.testng.internal.Invoker.invokeConfigurations(Invoker.java:215)
	at org.testng.internal.Invoker.invokeMethod(Invoker.java:589)
	at org.testng.internal.Invoker.invokeTestMethod(Invoker.java:820)
	at org.testng.internal.Invoker.invokeTestMethods(Invoker.java:1128)
	at org.testng.internal.TestMethodWorker.invokeTestMethods(TestMethodWorker.java:129)
	at org.testng.internal.TestMethodWorker.run(TestMethodWorker.java:112)
	at org.testng.TestRunner.privateRun(TestRunner.java:782)
	at org.testng.TestRunner.run(TestRunner.java:632)
	at org.testng.SuiteRunner.runTest(SuiteRunner.java:366)
	at org.testng.SuiteRunner.runSequentially(SuiteRunner.java:361)
	at org.testng.SuiteRunner.privateRun(SuiteRunner.java:319)
	at org.testng.SuiteRunner.run(SuiteRunner.java:268)
	at org.testng.SuiteRunnerWorker.runSuite(SuiteRunnerWorker.java:52)
	at org.testng.SuiteRunnerWorker.run(SuiteRunnerWorker.java:86)
	at org.testng.TestNG.runSuitesSequentially(TestNG.java:1244)
	at org.testng.TestNG.runSuitesLocally(TestNG.java:1169)
	at org.testng.TestNG.run(TestNG.java:1064)
	at org.testng.remote.AbstractRemoteTestNG.run(AbstractRemoteTestNG.java:126)
	at org.testng.remote.RemoteTestNG.initAndRun(RemoteTestNG.java:137)
	at org.testng.remote.RemoteTestNG.main(RemoteTestNG.java:58)
Caused by: org.openqa.selenium.firefox.NotConnectedException: Unable to connect to host 127.0.0.1 on port 7055 after 45000 ms. Firefox console output:
gent.12.51@hp.com&quot;,&quot;syncGUID&quot;:&quot;_1guiThp4Rts&quot;,&quot;location&quot;:&quot;winreg-app-global&quot;,&quot;version&quot;:&quot;12.52.6755.0&quot;,&quot;type&quot;:&quot;extension&quot;,&quot;internalName&quot;:null,&quot;updateURL&quot;:null,&quot;updateKey&quot;:null,&quot;optionsURL&quot;:null,&quot;optionsType&quot;:null,&quot;aboutURL&quot;:null,&quot;icons&quot;:{&quot;32&quot;:&quot;icon.png&quot;,&quot;48&quot;:&quot;icon.png&quot;},&quot;iconURL&quot;:null,&quot;icon64URL&quot;:null,&quot;defaultLocale&quot;:{&quot;name&quot;:&quot;HP Functional Testing Agent&quot;,&quot;description&quot;:&quot;Test Web Applications Using Firefox&quot;,&quot;creator&quot;:null,&quot;homepageURL&quot;:null},&quot;visible&quot;:true,&quot;active&quot;:false,&quot;userDisabled&quot;:true,&quot;appDisabled&quot;:false,&quot;descriptor&quot;:&quot;C:\\Program Files (x86)\\HP\\Unified Functional Testing\\\\Installations\\Firefox\\Agent.xpi&quot;,&quot;installDate&quot;:1452216766000,&quot;updateDate&quot;:1452216766000,&quot;applyBackgroundUpdates&quot;:1,&quot;bootstrap&quot;:true,&quot;skinnable&quot;:false,&quot;size&quot;:1593065,&quot;sourceURI&quot;:null,&quot;releaseNotesURI&quot;:null,&quot;softDisabled&quot;:false,&quot;foreignInstall&quot;:true,&quot;hasBinaryComponents&quot;:false,&quot;strictCompatibility&quot;:false,&quot;locales&quot;:[],&quot;targetApplications&quot;:[{&quot;id&quot;:&quot;{ec8030f7-c20a-464f-9b0e-13a3a9e97384}&quot;,&quot;minVersion&quot;:&quot;33.0&quot;,&quot;maxVersion&quot;:&quot;44.0&quot;}],&quot;targetPlatforms&quot;:[],&quot;multiprocessCompatible&quot;:false,&quot;signedState&quot;:2,&quot;seen&quot;:true}
1466443527793	DeferredSave.extensions.json	DEBUG	Save changes
1466443527793	addons.xpi	DEBUG	Updating database with changes to installed add-ons
1466443527793	addons.xpi-utils	DEBUG	Updating add-on states
1466443527794	addons.xpi-utils	DEBUG	Writing add-ons list
1466443527798	addons.xpi	DEBUG	Registering manifest for C:\Program Files (x86)\Mozilla Firefox\browser\features\e10srollout@mozilla.org.xpi
1466443527798	addons.xpi	DEBUG	Calling bootstrap method startup on e10srollout@mozilla.org version 1.0
1466443527799	addons.xpi	DEBUG	Registering manifest for C:\Program Files (x86)\Mozilla Firefox\browser\features\firefox@getpocket.com.xpi
1466443527800	addons.xpi	DEBUG	Calling bootstrap method startup on firefox@getpocket.com version 1.0.2
1466443527801	addons.xpi	DEBUG	Registering manifest for C:\Program Files (x86)\Mozilla Firefox\browser\features\loop@mozilla.org.xpi
1466443527803	addons.xpi	DEBUG	Calling bootstrap method startup on loop@mozilla.org version 1.3.2
1466443527914	addons.manager	DEBUG	Registering shutdown blocker for XPIProvider
1466443527915	addons.manager	DEBUG	Provider finished startup: XPIProvider
1466443527915	addons.manager	DEBUG	Starting provider: LightweightThemeManager
1466443527915	addons.manager	DEBUG	Registering shutdown blocker for LightweightThemeManager
1466443527915	addons.manager	DEBUG	Provider finished startup: LightweightThemeManager
1466443527916	addons.manager	DEBUG	Starting provider: GMPProvider
1466443527950	addons.manager	DEBUG	Registering shutdown blocker for GMPProvider
1466443527951	addons.manager	DEBUG	Provider finished startup: GMPProvider
1466443527951	addons.manager	DEBUG	Starting provider: PluginProvider
1466443527952	addons.manager	DEBUG	Registering shutdown blocker for PluginProvider
1466443527952	addons.manager	DEBUG	Provider finished startup: PluginProvider
1466443527954	addons.manager	DEBUG	Completed startup sequence
1466443530508	addons.manager	DEBUG	Starting provider: &lt;unnamed-provider&gt;
1466443530508	addons.manager	DEBUG	Registering shutdown blocker for &lt;unnamed-provider&gt;
1466443530508	addons.manager	DEBUG	Provider finished startup: &lt;unnamed-provider&gt;
1466443530510	DeferredSave.extensions.json	DEBUG	Write succeeded
1466443530510	DeferredSave.extensions.json	DEBUG	Starting timer
1466443530878	DeferredSave.extensions.json	DEBUG	Starting write
1466443531533	addons.repository	DEBUG	No addons.json found.
1466443531538	DeferredSave.addons.json	DEBUG	Save changes
1466443531562	DeferredSave.addons.json	DEBUG	Starting timer
1466443533745	addons.manager	DEBUG	Starting provider: PreviousExperimentProvider
1466443533746	addons.manager	DEBUG	Registering shutdown blocker for PreviousExperimentProvider
1466443533746	addons.manager	DEBUG	Provider finished startup: PreviousExperimentProvider
1466443533775	DeferredSave.addons.json	DEBUG	Starting write
1466443533781	DeferredSave.extensions.json	DEBUG	Write succeeded
1466443534258	DeferredSave.addons.json	DEBUG	Write succeeded

	at org.openqa.selenium.firefox.internal.NewProfileExtensionConnection.start(NewProfileExtensionConnection.java:123)
	... 33 more
</pre></div><a href='#' onClick='toggleBox("stack-trace1904783235", this, "Click to show all stack frames", "Click to hide stack frames")'>Click to show all stack frames</a>
<div class='stack-trace' id='stack-trace1904783235'><pre>org.openqa.selenium.WebDriverException: Failed to connect to binary FirefoxBinary(C:\Program Files (x86)\Mozilla Firefox\firefox.exe) on port 7055; process output follows: 
gent.12.51@hp.com&quot;,&quot;syncGUID&quot;:&quot;_1guiThp4Rts&quot;,&quot;location&quot;:&quot;winreg-app-global&quot;,&quot;version&quot;:&quot;12.52.6755.0&quot;,&quot;type&quot;:&quot;extension&quot;,&quot;internalName&quot;:null,&quot;updateURL&quot;:null,&quot;updateKey&quot;:null,&quot;optionsURL&quot;:null,&quot;optionsType&quot;:null,&quot;aboutURL&quot;:null,&quot;icons&quot;:{&quot;32&quot;:&quot;icon.png&quot;,&quot;48&quot;:&quot;icon.png&quot;},&quot;iconURL&quot;:null,&quot;icon64URL&quot;:null,&quot;defaultLocale&quot;:{&quot;name&quot;:&quot;HP Functional Testing Agent&quot;,&quot;description&quot;:&quot;Test Web Applications Using Firefox&quot;,&quot;creator&quot;:null,&quot;homepageURL&quot;:null},&quot;visible&quot;:true,&quot;active&quot;:false,&quot;userDisabled&quot;:true,&quot;appDisabled&quot;:false,&quot;descriptor&quot;:&quot;C:\\Program Files (x86)\\HP\\Unified Functional Testing\\\\Installations\\Firefox\\Agent.xpi&quot;,&quot;installDate&quot;:1452216766000,&quot;updateDate&quot;:1452216766000,&quot;applyBackgroundUpdates&quot;:1,&quot;bootstrap&quot;:true,&quot;skinnable&quot;:false,&quot;size&quot;:1593065,&quot;sourceURI&quot;:null,&quot;releaseNotesURI&quot;:null,&quot;softDisabled&quot;:false,&quot;foreignInstall&quot;:true,&quot;hasBinaryComponents&quot;:false,&quot;strictCompatibility&quot;:false,&quot;locales&quot;:[],&quot;targetApplications&quot;:[{&quot;id&quot;:&quot;{ec8030f7-c20a-464f-9b0e-13a3a9e97384}&quot;,&quot;minVersion&quot;:&quot;33.0&quot;,&quot;maxVersion&quot;:&quot;44.0&quot;}],&quot;targetPlatforms&quot;:[],&quot;multiprocessCompatible&quot;:false,&quot;signedState&quot;:2,&quot;seen&quot;:true}
1466443527793	DeferredSave.extensions.json	DEBUG	Save changes
1466443527793	addons.xpi	DEBUG	Updating database with changes to installed add-ons
1466443527793	addons.xpi-utils	DEBUG	Updating add-on states
1466443527794	addons.xpi-utils	DEBUG	Writing add-ons list
1466443527798	addons.xpi	DEBUG	Registering manifest for C:\Program Files (x86)\Mozilla Firefox\browser\features\e10srollout@mozilla.org.xpi
1466443527798	addons.xpi	DEBUG	Calling bootstrap method startup on e10srollout@mozilla.org version 1.0
1466443527799	addons.xpi	DEBUG	Registering manifest for C:\Program Files (x86)\Mozilla Firefox\browser\features\firefox@getpocket.com.xpi
1466443527800	addons.xpi	DEBUG	Calling bootstrap method startup on firefox@getpocket.com version 1.0.2
1466443527801	addons.xpi	DEBUG	Registering manifest for C:\Program Files (x86)\Mozilla Firefox\browser\features\loop@mozilla.org.xpi
1466443527803	addons.xpi	DEBUG	Calling bootstrap method startup on loop@mozilla.org version 1.3.2
1466443527914	addons.manager	DEBUG	Registering shutdown blocker for XPIProvider
1466443527915	addons.manager	DEBUG	Provider finished startup: XPIProvider
1466443527915	addons.manager	DEBUG	Starting provider: LightweightThemeManager
1466443527915	addons.manager	DEBUG	Registering shutdown blocker for LightweightThemeManager
1466443527915	addons.manager	DEBUG	Provider finished startup: LightweightThemeManager
1466443527916	addons.manager	DEBUG	Starting provider: GMPProvider
1466443527950	addons.manager	DEBUG	Registering shutdown blocker for GMPProvider
1466443527951	addons.manager	DEBUG	Provider finished startup: GMPProvider
1466443527951	addons.manager	DEBUG	Starting provider: PluginProvider
1466443527952	addons.manager	DEBUG	Registering shutdown blocker for PluginProvider
1466443527952	addons.manager	DEBUG	Provider finished startup: PluginProvider
1466443527954	addons.manager	DEBUG	Completed startup sequence
1466443530508	addons.manager	DEBUG	Starting provider: &lt;unnamed-provider&gt;
1466443530508	addons.manager	DEBUG	Registering shutdown blocker for &lt;unnamed-provider&gt;
1466443530508	addons.manager	DEBUG	Provider finished startup: &lt;unnamed-provider&gt;
1466443530510	DeferredSave.extensions.json	DEBUG	Write succeeded
1466443530510	DeferredSave.extensions.json	DEBUG	Starting timer
1466443530878	DeferredSave.extensions.json	DEBUG	Starting write
1466443531533	addons.repository	DEBUG	No addons.json found.
1466443531538	DeferredSave.addons.json	DEBUG	Save changes
1466443531562	DeferredSave.addons.json	DEBUG	Starting timer
1466443533745	addons.manager	DEBUG	Starting provider: PreviousExperimentProvider
1466443533746	addons.manager	DEBUG	Registering shutdown blocker for PreviousExperimentProvider
1466443533746	addons.manager	DEBUG	Provider finished startup: PreviousExperimentProvider
1466443533775	DeferredSave.addons.json	DEBUG	Starting write
1466443533781	DeferredSave.extensions.json	DEBUG	Write succeeded
1466443534258	DeferredSave.addons.json	DEBUG	Write succeeded

Build info: version: &apos;2.48.2&apos;, revision: &apos;41bccdd10cf2c0560f637404c2d96164b67d9d67&apos;, time: &apos;2015-10-09 13:08:06&apos;
System info: host: &apos;Mike&apos;, ip: &apos;192.168.2.10&apos;, os.name: &apos;Windows 8.1&apos;, os.arch: &apos;amd64&apos;, os.version: &apos;6.3&apos;, java.version: &apos;1.8.0_45&apos;
Driver info: driver.version: FirefoxDriver
	at org.openqa.selenium.firefox.internal.NewProfileExtensionConnection.start(NewProfileExtensionConnection.java:135)
	at org.openqa.selenium.firefox.FirefoxDriver.startClient(FirefoxDriver.java:271)
	at org.openqa.selenium.remote.RemoteWebDriver.&lt;init&gt;(RemoteWebDriver.java:117)
	at org.openqa.selenium.firefox.FirefoxDriver.&lt;init&gt;(FirefoxDriver.java:216)
	at org.openqa.selenium.firefox.FirefoxDriver.&lt;init&gt;(FirefoxDriver.java:211)
	at org.openqa.selenium.firefox.FirefoxDriver.&lt;init&gt;(FirefoxDriver.java:207)
	at org.openqa.selenium.firefox.FirefoxDriver.&lt;init&gt;(FirefoxDriver.java:120)
	at com.testng.tests.BaseTest.setUp(BaseTest.java:24)
	at sun.reflect.NativeMethodAccessorImpl.invoke0(Native Method)
	at sun.reflect.NativeMethodAccessorImpl.invoke(Unknown Source)
	at sun.reflect.DelegatingMethodAccessorImpl.invoke(Unknown Source)
	at java.lang.reflect.Method.invoke(Unknown Source)
	at org.testng.internal.MethodInvocationHelper.invokeMethod(MethodInvocationHelper.java:86)
	at org.testng.internal.Invoker.invokeConfigurationMethod(Invoker.java:514)
	at org.testng.internal.Invoker.invokeConfigurations(Invoker.java:215)
	at org.testng.internal.Invoker.invokeMethod(Invoker.java:589)
	at org.testng.internal.Invoker.invokeTestMethod(Invoker.java:820)
	at org.testng.internal.Invoker.invokeTestMethods(Invoker.java:1128)
	at org.testng.internal.TestMethodWorker.invokeTestMethods(TestMethodWorker.java:129)
	at org.testng.internal.TestMethodWorker.run(TestMethodWorker.java:112)
	at org.testng.TestRunner.privateRun(TestRunner.java:782)
	at org.testng.TestRunner.run(TestRunner.java:632)
	at org.testng.SuiteRunner.runTest(SuiteRunner.java:366)
	at org.testng.SuiteRunner.runSequentially(SuiteRunner.java:361)
	at org.testng.SuiteRunner.privateRun(SuiteRunner.java:319)
	at org.testng.SuiteRunner.run(SuiteRunner.java:268)
	at org.testng.SuiteRunnerWorker.runSuite(SuiteRunnerWorker.java:52)
	at org.testng.SuiteRunnerWorker.run(SuiteRunnerWorker.java:86)
	at org.testng.TestNG.runSuitesSequentially(TestNG.java:1244)
	at org.testng.TestNG.runSuitesLocally(TestNG.java:1169)
	at org.testng.TestNG.run(TestNG.java:1064)
	at org.testng.remote.AbstractRemoteTestNG.run(AbstractRemoteTestNG.java:126)
	at org.testng.remote.RemoteTestNG.initAndRun(RemoteTestNG.java:137)
	at org.testng.remote.RemoteTestNG.main(RemoteTestNG.java:58)
Caused by: org.openqa.selenium.firefox.NotConnectedException: Unable to connect to host 127.0.0.1 on port 7055 after 45000 ms. Firefox console output:
gent.12.51@hp.com&quot;,&quot;syncGUID&quot;:&quot;_1guiThp4Rts&quot;,&quot;location&quot;:&quot;winreg-app-global&quot;,&quot;version&quot;:&quot;12.52.6755.0&quot;,&quot;type&quot;:&quot;extension&quot;,&quot;internalName&quot;:null,&quot;updateURL&quot;:null,&quot;updateKey&quot;:null,&quot;optionsURL&quot;:null,&quot;optionsType&quot;:null,&quot;aboutURL&quot;:null,&quot;icons&quot;:{&quot;32&quot;:&quot;icon.png&quot;,&quot;48&quot;:&quot;icon.png&quot;},&quot;iconURL&quot;:null,&quot;icon64URL&quot;:null,&quot;defaultLocale&quot;:{&quot;name&quot;:&quot;HP Functional Testing Agent&quot;,&quot;description&quot;:&quot;Test Web Applications Using Firefox&quot;,&quot;creator&quot;:null,&quot;homepageURL&quot;:null},&quot;visible&quot;:true,&quot;active&quot;:false,&quot;userDisabled&quot;:true,&quot;appDisabled&quot;:false,&quot;descriptor&quot;:&quot;C:\\Program Files (x86)\\HP\\Unified Functional Testing\\\\Installations\\Firefox\\Agent.xpi&quot;,&quot;installDate&quot;:1452216766000,&quot;updateDate&quot;:1452216766000,&quot;applyBackgroundUpdates&quot;:1,&quot;bootstrap&quot;:true,&quot;skinnable&quot;:false,&quot;size&quot;:1593065,&quot;sourceURI&quot;:null,&quot;releaseNotesURI&quot;:null,&quot;softDisabled&quot;:false,&quot;foreignInstall&quot;:true,&quot;hasBinaryComponents&quot;:false,&quot;strictCompatibility&quot;:false,&quot;locales&quot;:[],&quot;targetApplications&quot;:[{&quot;id&quot;:&quot;{ec8030f7-c20a-464f-9b0e-13a3a9e97384}&quot;,&quot;minVersion&quot;:&quot;33.0&quot;,&quot;maxVersion&quot;:&quot;44.0&quot;}],&quot;targetPlatforms&quot;:[],&quot;multiprocessCompatible&quot;:false,&quot;signedState&quot;:2,&quot;seen&quot;:true}
1466443527793	DeferredSave.extensions.json	DEBUG	Save changes
1466443527793	addons.xpi	DEBUG	Updating database with changes to installed add-ons
1466443527793	addons.xpi-utils	DEBUG	Updating add-on states
1466443527794	addons.xpi-utils	DEBUG	Writing add-ons list
1466443527798	addons.xpi	DEBUG	Registering manifest for C:\Program Files (x86)\Mozilla Firefox\browser\features\e10srollout@mozilla.org.xpi
1466443527798	addons.xpi	DEBUG	Calling bootstrap method startup on e10srollout@mozilla.org version 1.0
1466443527799	addons.xpi	DEBUG	Registering manifest for C:\Program Files (x86)\Mozilla Firefox\browser\features\firefox@getpocket.com.xpi
1466443527800	addons.xpi	DEBUG	Calling bootstrap method startup on firefox@getpocket.com version 1.0.2
1466443527801	addons.xpi	DEBUG	Registering manifest for C:\Program Files (x86)\Mozilla Firefox\browser\features\loop@mozilla.org.xpi
1466443527803	addons.xpi	DEBUG	Calling bootstrap method startup on loop@mozilla.org version 1.3.2
1466443527914	addons.manager	DEBUG	Registering shutdown blocker for XPIProvider
1466443527915	addons.manager	DEBUG	Provider finished startup: XPIProvider
1466443527915	addons.manager	DEBUG	Starting provider: LightweightThemeManager
1466443527915	addons.manager	DEBUG	Registering shutdown blocker for LightweightThemeManager
1466443527915	addons.manager	DEBUG	Provider finished startup: LightweightThemeManager
1466443527916	addons.manager	DEBUG	Starting provider: GMPProvider
1466443527950	addons.manager	DEBUG	Registering shutdown blocker for GMPProvider
1466443527951	addons.manager	DEBUG	Provider finished startup: GMPProvider
1466443527951	addons.manager	DEBUG	Starting provider: PluginProvider
1466443527952	addons.manager	DEBUG	Registering shutdown blocker for PluginProvider
1466443527952	addons.manager	DEBUG	Provider finished startup: PluginProvider
1466443527954	addons.manager	DEBUG	Completed startup sequence
1466443530508	addons.manager	DEBUG	Starting provider: &lt;unnamed-provider&gt;
1466443530508	addons.manager	DEBUG	Registering shutdown blocker for &lt;unnamed-provider&gt;
1466443530508	addons.manager	DEBUG	Provider finished startup: &lt;unnamed-provider&gt;
1466443530510	DeferredSave.extensions.json	DEBUG	Write succeeded
1466443530510	DeferredSave.extensions.json	DEBUG	Starting timer
1466443530878	DeferredSave.extensions.json	DEBUG	Starting write
1466443531533	addons.repository	DEBUG	No addons.json found.
1466443531538	DeferredSave.addons.json	DEBUG	Save changes
1466443531562	DeferredSave.addons.json	DEBUG	Starting timer
1466443533745	addons.manager	DEBUG	Starting provider: PreviousExperimentProvider
1466443533746	addons.manager	DEBUG	Registering shutdown blocker for PreviousExperimentProvider
1466443533746	addons.manager	DEBUG	Provider finished startup: PreviousExperimentProvider
1466443533775	DeferredSave.addons.json	DEBUG	Starting write
1466443533781	DeferredSave.extensions.json	DEBUG	Write succeeded
1466443534258	DeferredSave.addons.json	DEBUG	Write succeeded

	at org.openqa.selenium.firefox.internal.NewProfileExtensionConnection.start(NewProfileExtensionConnection.java:123)
	... 33 more
</pre></div></td>
<td>0</td>
<td>com.testng.tests.Mate1TestCases@6f7fd0e6</td></tr>
</table><p>
<table width='100%' border='1' class='invocation-skipped'>
<tr><td colspan='4' align='center'><b>SKIPPED CONFIGURATIONS</b></td></tr>
<tr><td><b>Test method</b></td>
<td width="30%"><b>Exception</b></td>
<td width="10%"><b>Time (seconds)</b></td>
<td><b>Instance</b></td>
</tr>
<tr>
<td title='com.testng.tests.Mate1TestCases.setUp()'><b>setUp</b><br>Test class: com.testng.tests.Mate1TestCases</td>
<td></td>
<td>0</td>
<td>com.testng.tests.Mate1TestCases@6f7fd0e6</td></tr>
<tr>
<td title='com.testng.tests.Mate1TestCases.tearDown()'><b>tearDown</b><br>Test class: com.testng.tests.Mate1TestCases</td>
<td></td>
<td>0</td>
<td>com.testng.tests.Mate1TestCases@6f7fd0e6</td></tr>
<tr>
<td title='com.testng.tests.Mate1TestCases.tearDown()'><b>tearDown</b><br>Test class: com.testng.tests.Mate1TestCases</td>
<td></td>
<td>0</td>
<td>com.testng.tests.Mate1TestCases@6f7fd0e6</td></tr>
</table><p>
<table width='100%' border='1' class='invocation-skipped'>
<tr><td colspan='4' align='center'><b>SKIPPED TESTS</b></td></tr>
<tr><td><b>Test method</b></td>
<td width="30%"><b>Exception</b></td>
<td width="10%"><b>Time (seconds)</b></td>
<td><b>Instance</b></td>
</tr>
<tr>
<td title='com.testng.tests.Mate1TestCases.verifyCreateProfileTest()'><b>verifyCreateProfileTest</b><br>Test class: com.testng.tests.Mate1TestCases</td>
<td></td>
<td>0</td>
<td>com.testng.tests.Mate1TestCases@6f7fd0e6</td></tr>
<tr>
<td title='com.testng.tests.Mate1TestCases.verifyEditingOfANewlyCreatedProfile()'><b>verifyEditingOfANewlyCreatedProfile</b><br>Test class: com.testng.tests.Mate1TestCases</td>
<td></td>
<td>0</td>
<td>com.testng.tests.Mate1TestCases@6f7fd0e6</td></tr>
</table><p>
</body>
</html>