<?xml version="1.0" encoding="UTF-8"?>
<!-- Generated by org.testng.reporters.JUnitReportReporter -->
<testsuite hostname="Madhusudhan" name="com.testng.tests.ErrorMessagesVerification" tests="18" failures="1" timestamp="20 Jun 2016 08:36:04 GMT" time="556.979" errors="0">
  <testcase name="bodyTypeMissingError" time="29.421" classname="com.testng.tests.ErrorMessagesVerification"/>
  <testcase name="eyeColorMissingError" time="27.695" classname="com.testng.tests.ErrorMessagesVerification"/>
  <testcase name="ethnicityMissingError" time="64.475" classname="com.testng.tests.ErrorMessagesVerification"/>
  <testcase name="HeadLineMissingError" time="34.105" classname="com.testng.tests.ErrorMessagesVerification"/>
  <testcase name="hairColorMissingError" time="41.581" classname="com.testng.tests.ErrorMessagesVerification"/>
  <testcase name="verifyNickNameMissingError" time="22.464" classname="com.testng.tests.ErrorMessagesVerification">
    <failure type="java.lang.AssertionError" message="Nick name missing error verification failed expected [Please enter a nickname that uses only letters, numbers and underscores.] but found [This email is already taken, please choose another.]">
      <![CDATA[java.lang.AssertionError: Nick name missing error verification failed expected [Please enter a nickname that uses only letters, numbers and underscores.] but found [This email is already taken, please choose another.]
	at org.testng.Assert.fail(Assert.java:94)
	at org.testng.Assert.failNotEquals(Assert.java:513)
	at org.testng.Assert.assertEqualsImpl(Assert.java:135)
	at org.testng.Assert.assertEquals(Assert.java:116)
	at org.testng.Assert.assertEquals(Assert.java:190)
	at com.testng.tests.ErrorMessagesVerification.verifyNickNameMissingError(ErrorMessagesVerification.java:20)
	at sun.reflect.NativeMethodAccessorImpl.invoke0(Native Method)
	at sun.reflect.NativeMethodAccessorImpl.invoke(NativeMethodAccessorImpl.java:57)
	at sun.reflect.DelegatingMethodAccessorImpl.invoke(DelegatingMethodAccessorImpl.java:43)
	at java.lang.reflect.Method.invoke(Method.java:606)
	at org.testng.internal.MethodInvocationHelper.invokeMethod(MethodInvocationHelper.java:86)
	at org.testng.internal.Invoker.invokeMethod(Invoker.java:643)
	at org.testng.internal.Invoker.invokeTestMethod(Invoker.java:820)
	at org.testng.internal.Invoker.invokeTestMethods(Invoker.java:1128)
	at org.testng.internal.TestMethodWorker.invokeTestMethods(TestMethodWorker.java:129)
	at org.testng.internal.TestMethodWorker.run(TestMethodWorker.java:112)
	at org.testng.TestRunner.privateRun(TestRunner.java:782)
	at org.testng.TestRunner.run(TestRunner.java:632)
	at org.testng.SuiteRunner.runTest(SuiteRunner.java:366)
	at org.testng.SuiteRunner.runSequentially(SuiteRunner.java:361)
	at org.testng.SuiteRunner.privateRun(SuiteRunner.java:319)
	at org.testng.SuiteRunner.run(SuiteRunner.java:268)
	at org.testng.SuiteRunnerWorker.runSuite(SuiteRunnerWorker.java:52)
	at org.testng.SuiteRunnerWorker.run(SuiteRunnerWorker.java:86)
	at org.testng.TestNG.runSuitesSequentially(TestNG.java:1244)
	at org.testng.TestNG.runSuitesLocally(TestNG.java:1169)
	at org.testng.TestNG.run(TestNG.java:1064)
	at org.testng.remote.AbstractRemoteTestNG.run(AbstractRemoteTestNG.java:126)
	at org.testng.remote.RemoteTestNG.initAndRun(RemoteTestNG.java:137)
	at org.testng.remote.RemoteTestNG.main(RemoteTestNG.java:58)
]]>
    </failure>
  </testcase> <!-- verifyNickNameMissingError -->
  <testcase name="OccupationMissingError" time="31.832" classname="com.testng.tests.ErrorMessagesVerification"/>
  <testcase name="smokingMissingError" time="34.002" classname="com.testng.tests.ErrorMessagesVerification"/>
  <testcase name="IncomeMissingError" time="37.858" classname="com.testng.tests.ErrorMessagesVerification"/>
  <testcase name="verifyConfirmEmailMissingError" time="19.907" classname="com.testng.tests.ErrorMessagesVerification"/>
  <testcase name="StatusMissingError" time="37.665" classname="com.testng.tests.ErrorMessagesVerification"/>
  <testcase name="verifyPasswordMissingError" time="19.835" classname="com.testng.tests.ErrorMessagesVerification"/>
  <testcase name="HeightMissingError" time="24.780" classname="com.testng.tests.ErrorMessagesVerification"/>
  <testcase name="verifyDateOfBirthMissingError" time="20.575" classname="com.testng.tests.ErrorMessagesVerification"/>
  <testcase name="verifyEmailMissingError" time="18.773" classname="com.testng.tests.ErrorMessagesVerification"/>
  <testcase name="EducationMissingError" time="35.564" classname="com.testng.tests.ErrorMessagesVerification"/>
  <testcase name="drinkFieldMissingError" time="30.029" classname="com.testng.tests.ErrorMessagesVerification"/>
  <testcase name="ReligionMissingError" time="26.418" classname="com.testng.tests.ErrorMessagesVerification"/>
</testsuite> <!-- com.testng.tests.ErrorMessagesVerification -->
